{"name": "test_count_of_all_products", "status": "broken", "statusDetails": {"message": "selenium.common.exceptions.NoSuchWindowException: Message: no such window: target window already closed\nfrom unknown error: web view not found\n  (Session info: chrome=109.0.5414.119)\nStacktrace:\n0   chromedriver                        0x0000000104ca70fc chromedriver + 4223228\n1   chromedriver                        0x0000000104c2f284 chromedriver + 3732100\n2   chromedriver                        0x00000001048e35c8 chromedriver + 275912\n3   chromedriver                        0x00000001048bd7b0 chromedriver + 120752\n4   chromedriver                        0x00000001049440f8 chromedriver + 671992\n5   chromedriver                        0x0000000104956b18 chromedriver + 748312\n6   chromedriver                        0x0000000104911748 chromedriver + 464712\n7   chromedriver                        0x00000001049127f0 chromedriver + 468976\n8   chromedriver                        0x0000000104c77e08 chromedriver + 4029960\n9   chromedriver                        0x0000000104c7b698 chromedriver + 4044440\n10  chromedriver                        0x0000000104c7bcc0 chromedriver + 4046016\n11  chromedriver                        0x0000000104c824c4 chromedriver + 4072644\n12  chromedriver                        0x0000000104c7c36c chromedriver + 4047724\n13  chromedriver                        0x0000000104c54bd8 chromedriver + 3886040\n14  chromedriver                        0x0000000104c98efc chromedriver + 4165372\n15  chromedriver                        0x0000000104c99050 chromedriver + 4165712\n16  chromedriver                        0x0000000104cade20 chromedriver + 4251168\n17  libsystem_pthread.dylib             0x000000018e82626c _pthread_start + 148\n18  libsystem_pthread.dylib             0x000000018e82108c thread_start + 8", "trace": "browser = <selenium.webdriver.chrome.webdriver.WebDriver (session=\"9d7886a4adc94aad17d759d5af821e83\")>\n\n    def test_count_of_all_products(browser):\n        \"\"\"\n        Test case TC-3\n        \"\"\"\n        browser.get(URL)\n    \n        browser.execute_script(\"window.scrollTo(0, document.body.scrollHeight);\")\n    \n>       WebDriverWait(browser, timeout=10, poll_frequency=2).until(EC.text_to_be_present_in_element(\n            (By.CLASS_NAME, \"current-post\"), \"17\"))\n\ntests/test_shop.py:61: \n_ _ _ _ _ _ _ _ _ _ _ _ _ _ _ _ _ _ _ _ _ _ _ _ _ _ _ _ _ _ _ _ _ _ _ _ _ _ _ _ \n/Library/Frameworks/Python.framework/Versions/3.12/lib/python3.12/site-packages/selenium/webdriver/support/wait.py:86: in until\n    value = method(self._driver)\n/Library/Frameworks/Python.framework/Versions/3.12/lib/python3.12/site-packages/selenium/webdriver/support/expected_conditions.py:224: in _predicate\n    element_text = driver.find_element(*locator).text\n/Library/Frameworks/Python.framework/Versions/3.12/lib/python3.12/site-packages/selenium/webdriver/remote/webdriver.py:830: in find_element\n    return self.execute(Command.FIND_ELEMENT, {\"using\": by, \"value\": value})[\"value\"]\n/Library/Frameworks/Python.framework/Versions/3.12/lib/python3.12/site-packages/selenium/webdriver/remote/webdriver.py:440: in execute\n    self.error_handler.check_response(response)\n_ _ _ _ _ _ _ _ _ _ _ _ _ _ _ _ _ _ _ _ _ _ _ _ _ _ _ _ _ _ _ _ _ _ _ _ _ _ _ _ \n\nself = <selenium.webdriver.remote.errorhandler.ErrorHandler object at 0x103033590>\nresponse = {'status': 404, 'value': '{\"value\":{\"error\":\"no such window\",\"message\":\"no such window: target window already closed\\\\...00018e82626c _pthread_start + 148\\\\n18  libsystem_pthread.dylib             0x000000018e82108c thread_start + 8\\\\n\"}}'}\n\n    def check_response(self, response: Dict[str, Any]) -> None:\n        \"\"\"Checks that a JSON response from the WebDriver does not have an\n        error.\n    \n        :Args:\n         - response - The JSON response from the WebDriver server as a dictionary\n           object.\n    \n        :Raises: If the response contains an error message.\n        \"\"\"\n        status = response.get(\"status\", None)\n        if not status or status == ErrorCode.SUCCESS:\n            return\n        value = None\n        message = response.get(\"message\", \"\")\n        screen: str = response.get(\"screen\", \"\")\n        stacktrace = None\n        if isinstance(status, int):\n            value_json = response.get(\"value\", None)\n            if value_json and isinstance(value_json, str):\n                import json\n    \n                try:\n                    value = json.loads(value_json)\n                    if len(value.keys()) == 1:\n                        value = value[\"value\"]\n                    status = value.get(\"error\", None)\n                    if not status:\n                        status = value.get(\"status\", ErrorCode.UNKNOWN_ERROR)\n                        message = value.get(\"value\") or value.get(\"message\")\n                        if not isinstance(message, str):\n                            value = message\n                            message = message.get(\"message\")\n                    else:\n                        message = value.get(\"message\", None)\n                except ValueError:\n                    pass\n    \n        exception_class: Type[WebDriverException]\n        if status in ErrorCode.NO_SUCH_ELEMENT:\n            exception_class = NoSuchElementException\n        elif status in ErrorCode.NO_SUCH_FRAME:\n            exception_class = NoSuchFrameException\n        elif status in ErrorCode.NO_SUCH_SHADOW_ROOT:\n            exception_class = NoSuchShadowRootException\n        elif status in ErrorCode.NO_SUCH_WINDOW:\n            exception_class = NoSuchWindowException\n        elif status in ErrorCode.STALE_ELEMENT_REFERENCE:\n            exception_class = StaleElementReferenceException\n        elif status in ErrorCode.ELEMENT_NOT_VISIBLE:\n            exception_class = ElementNotVisibleException\n        elif status in ErrorCode.INVALID_ELEMENT_STATE:\n            exception_class = InvalidElementStateException\n        elif (\n            status in ErrorCode.INVALID_SELECTOR\n            or status in ErrorCode.INVALID_XPATH_SELECTOR\n            or status in ErrorCode.INVALID_XPATH_SELECTOR_RETURN_TYPER\n        ):\n            exception_class = InvalidSelectorException\n        elif status in ErrorCode.ELEMENT_IS_NOT_SELECTABLE:\n            exception_class = ElementNotSelectableException\n        elif status in ErrorCode.ELEMENT_NOT_INTERACTABLE:\n            exception_class = ElementNotInteractableException\n        elif status in ErrorCode.INVALID_COOKIE_DOMAIN:\n            exception_class = InvalidCookieDomainException\n        elif status in ErrorCode.UNABLE_TO_SET_COOKIE:\n            exception_class = UnableToSetCookieException\n        elif status in ErrorCode.TIMEOUT:\n            exception_class = TimeoutException\n        elif status in ErrorCode.SCRIPT_TIMEOUT:\n            exception_class = TimeoutException\n        elif status in ErrorCode.UNKNOWN_ERROR:\n            exception_class = WebDriverException\n        elif status in ErrorCode.UNEXPECTED_ALERT_OPEN:\n            exception_class = UnexpectedAlertPresentException\n        elif status in ErrorCode.NO_ALERT_OPEN:\n            exception_class = NoAlertPresentException\n        elif status in ErrorCode.IME_NOT_AVAILABLE:\n            exception_class = ImeNotAvailableException\n        elif status in ErrorCode.IME_ENGINE_ACTIVATION_FAILED:\n            exception_class = ImeActivationFailedException\n        elif status in ErrorCode.MOVE_TARGET_OUT_OF_BOUNDS:\n            exception_class = MoveTargetOutOfBoundsException\n        elif status in ErrorCode.JAVASCRIPT_ERROR:\n            exception_class = JavascriptException\n        elif status in ErrorCode.SESSION_NOT_CREATED:\n            exception_class = SessionNotCreatedException\n        elif status in ErrorCode.INVALID_ARGUMENT:\n            exception_class = InvalidArgumentException\n        elif status in ErrorCode.NO_SUCH_COOKIE:\n            exception_class = NoSuchCookieException\n        elif status in ErrorCode.UNABLE_TO_CAPTURE_SCREEN:\n            exception_class = ScreenshotException\n        elif status in ErrorCode.ELEMENT_CLICK_INTERCEPTED:\n            exception_class = ElementClickInterceptedException\n        elif status in ErrorCode.INSECURE_CERTIFICATE:\n            exception_class = InsecureCertificateException\n        elif status in ErrorCode.INVALID_COORDINATES:\n            exception_class = InvalidCoordinatesException\n        elif status in ErrorCode.INVALID_SESSION_ID:\n            exception_class = InvalidSessionIdException\n        elif status in ErrorCode.UNKNOWN_METHOD:\n            exception_class = UnknownMethodException\n        else:\n            exception_class = WebDriverException\n        if not value:\n            value = response[\"value\"]\n        if isinstance(value, str):\n            raise exception_class(value)\n        if message == \"\" and \"message\" in value:\n            message = value[\"message\"]\n    \n        screen = None  # type: ignore[assignment]\n        if \"screen\" in value:\n            screen = value[\"screen\"]\n    \n        stacktrace = None\n        st_value = value.get(\"stackTrace\") or value.get(\"stacktrace\")\n        if st_value:\n            if isinstance(st_value, str):\n                stacktrace = st_value.split(\"\\n\")\n            else:\n                stacktrace = []\n                try:\n                    for frame in st_value:\n                        line = frame.get(\"lineNumber\", \"\")\n                        file = frame.get(\"fileName\", \"<anonymous>\")\n                        if line:\n                            file = f\"{file}:{line}\"\n                        meth = frame.get(\"methodName\", \"<anonymous>\")\n                        if \"className\" in frame:\n                            meth = f\"{frame['className']}.{meth}\"\n                        msg = \"    at %s (%s)\"\n                        msg = msg % (meth, file)\n                        stacktrace.append(msg)\n                except TypeError:\n                    pass\n        if exception_class == UnexpectedAlertPresentException:\n            alert_text = None\n            if \"data\" in value:\n                alert_text = value[\"data\"].get(\"text\")\n            elif \"alert\" in value:\n                alert_text = value[\"alert\"].get(\"text\")\n            raise exception_class(message, screen, stacktrace, alert_text)  # type: ignore[call-arg]  # mypy is not smart enough here\n>       raise exception_class(message, screen, stacktrace)\nE       selenium.common.exceptions.NoSuchWindowException: Message: no such window: target window already closed\nE       from unknown error: web view not found\nE         (Session info: chrome=109.0.5414.119)\nE       Stacktrace:\nE       0   chromedriver                        0x0000000104ca70fc chromedriver + 4223228\nE       1   chromedriver                        0x0000000104c2f284 chromedriver + 3732100\nE       2   chromedriver                        0x00000001048e35c8 chromedriver + 275912\nE       3   chromedriver                        0x00000001048bd7b0 chromedriver + 120752\nE       4   chromedriver                        0x00000001049440f8 chromedriver + 671992\nE       5   chromedriver                        0x0000000104956b18 chromedriver + 748312\nE       6   chromedriver                        0x0000000104911748 chromedriver + 464712\nE       7   chromedriver                        0x00000001049127f0 chromedriver + 468976\nE       8   chromedriver                        0x0000000104c77e08 chromedriver + 4029960\nE       9   chromedriver                        0x0000000104c7b698 chromedriver + 4044440\nE       10  chromedriver                        0x0000000104c7bcc0 chromedriver + 4046016\nE       11  chromedriver                        0x0000000104c824c4 chromedriver + 4072644\nE       12  chromedriver                        0x0000000104c7c36c chromedriver + 4047724\nE       13  chromedriver                        0x0000000104c54bd8 chromedriver + 3886040\nE       14  chromedriver                        0x0000000104c98efc chromedriver + 4165372\nE       15  chromedriver                        0x0000000104c99050 chromedriver + 4165712\nE       16  chromedriver                        0x0000000104cade20 chromedriver + 4251168\nE       17  libsystem_pthread.dylib             0x000000018e82626c _pthread_start + 148\nE       18  libsystem_pthread.dylib             0x000000018e82108c thread_start + 8\n\n/Library/Frameworks/Python.framework/Versions/3.12/lib/python3.12/site-packages/selenium/webdriver/remote/errorhandler.py:245: NoSuchWindowException"}, "description": "\n    Test case TC-3\n    ", "start": 1674838999792, "stop": 1674839004925, "uuid": "e0af13dd-798a-4fa8-8f1c-2ebc1715ed86", "historyId": "7f2f2c0789e4f8e5b3b27ede23903a70", "testCaseId": "fbaf36f5b8599b571268ed0e3d8725a7", "fullName": "tests.test_shop#test_count_of_all_products", "labels": [{"name": "parentSuite", "value": "tests"}, {"name": "suite", "value": "test_shop"}, {"name": "host", "value": "MacBook-Air-Anna.local"}, {"name": "thread", "value": "5089-MainThread"}, {"name": "framework", "value": "pytest"}, {"name": "language", "value": "cpython3"}, {"name": "package", "value": "tests.test_shop"}]}