{"name": "test_top_menu", "status": "failed", "statusDetails": {"message": "AssertionError: Top menu does not matching to expected\nassert ['Каталог', '...', 'Контакты'] == []\n  Left contains 5 more items, first extra item: 'Каталог'\n  Use -v to get more diff", "trace": "browser = <selenium.webdriver.chrome.webdriver.WebDriver (session=\"9d7886a4adc94aad17d759d5af821e83\")>\n\n    def test_top_menu(browser):\n        \"\"\"\n        Test case TC-2\n        \"\"\"\n        expected_menu = ['Каталог', 'Часто задавамые вопросы', 'Блог', 'О компании', 'Контакты']\n    \n        browser.get(URL)\n        elements = browser.find_elements(by=By.CSS_SELECTOR, value=\"[id='menu-top'] li a\")\n        result = [el.get_attribute('text') for el in elements]\n    \n>       assert expected_menu == result, 'Top menu does not matching to expected'\nE       AssertionError: Top menu does not matching to expected\nE       assert ['Каталог', '...', 'Контакты'] == []\nE         Left contains 5 more items, first extra item: 'Каталог'\nE         Use -v to get more diff\n\ntests/test_shop.py:24: AssertionError"}, "description": "\n    Test case TC-2\n    ", "start": 1674838996516, "stop": 1674838996654, "uuid": "954453aa-2024-4bde-86f6-9290eaec9978", "historyId": "16cef1b9f84d7ccb341ea28ae94090d8", "testCaseId": "57f6cba455838e2e1b362c14d22c1839", "fullName": "tests.test_shop#test_top_menu", "labels": [{"name": "parentSuite", "value": "tests"}, {"name": "suite", "value": "test_shop"}, {"name": "host", "value": "MacBook-Air-Anna.local"}, {"name": "thread", "value": "5089-MainThread"}, {"name": "framework", "value": "pytest"}, {"name": "language", "value": "cpython3"}, {"name": "package", "value": "tests.test_shop"}]}